<?xml version="1.0" encoding="UTF-8"?>
<coverage generated="1719468331933" clover="3.2.0">
  <project timestamp="1719468331934" name="All files">
    <metrics statements="10" coveredstatements="5" conditionals="4" coveredconditionals="3" methods="7" coveredmethods="3" elements="21" coveredelements="11" complexity="0" loc="10" ncloc="10" packages="1" files="2" classes="2"/>
    <file name="ContactUs.js" path="C:\WebDev\Foodzy\src\ContactUs.js">
      <metrics statements="7" coveredstatements="2" conditionals="2" coveredconditionals="1" methods="5" coveredmethods="1"/>
      <line num="5" count="7" type="stmt"/>
      <line num="9" count="0" type="stmt"/>
      <line num="10" count="0" type="stmt"/>
      <line num="11" count="0" type="stmt"/>
      <line num="15" count="0" type="stmt"/>
      <line num="16" count="0" type="stmt"/>
      <line num="20" count="7" type="stmt"/>
    </file>
    <file name="NavBar.js" path="C:\WebDev\Foodzy\src\NavBar.js">
      <metrics statements="3" coveredstatements="3" conditionals="2" coveredconditionals="2" methods="2" coveredmethods="2"/>
      <line num="9" count="3" type="stmt"/>
      <line num="12" count="1" type="stmt"/>
      <line num="15" count="3" type="stmt"/>
    </file>
  </project>
</coverage>
