{"C:\\WebDev\\Foodzy\\src\\ContactUs.js": {"path":"C:\\WebDev\\Foodzy\\src\\ContactUs.js","statementMap":{"0":{"start":{"line":5,"column":36},"end":{"line":5,"column":51}},"1":{"start":{"line":9,"column":8},"end":{"line":9,"column":27}},"2":{"start":{"line":10,"column":8},"end":{"line":10,"column":17}},"3":{"start":{"line":11,"column":8},"end":{"line":11,"column":27}},"4":{"start":{"line":15,"column":8},"end":{"line":17,"column":10}},"5":{"start":{"line":16,"column":12},"end":{"line":16,"column":45}},"6":{"start":{"line":16,"column":27},"end":{"line":16,"column":37}},"7":{"start":{"line":20,"column":4},"end":{"line":40,"column":5}}},"fnMap":{"0":{"name":"ContactUs","decl":{"start":{"line":3,"column":24},"end":{"line":3,"column":33}},"loc":{"start":{"line":4,"column":0},"end":{"line":41,"column":1}},"line":4},"1":{"name":"handleSubmit","decl":{"start":{"line":7,"column":13},"end":{"line":7,"column":25}},"loc":{"start":{"line":8,"column":4},"end":{"line":12,"column":5}},"line":8},"2":{"name":"permit","decl":{"start":{"line":13,"column":19},"end":{"line":13,"column":25}},"loc":{"start":{"line":14,"column":4},"end":{"line":18,"column":5}},"line":14},"3":{"name":"(anonymous_3)","decl":{"start":{"line":15,"column":26},"end":{"line":15,"column":27}},"loc":{"start":{"line":15,"column":44},"end":{"line":17,"column":9}},"line":15},"4":{"name":"(anonymous_4)","decl":{"start":{"line":16,"column":23},"end":{"line":16,"column":24}},"loc":{"start":{"line":16,"column":27},"end":{"line":16,"column":37}},"line":16}},"branchMap":{"0":{"loc":{"start":{"line":36,"column":21},"end":{"line":36,"column":185}},"type":"binary-expr","locations":[{"start":{"line":36,"column":21},"end":{"line":36,"column":30}},{"start":{"line":36,"column":34},"end":{"line":36,"column":185}}],"line":36}},"s":{"0":7,"1":0,"2":0,"3":0,"4":0,"5":0,"6":0,"7":7},"f":{"0":7,"1":0,"2":0,"3":0,"4":0},"b":{"0":[7,0]},"_coverageSchema":"1a1c01bbd47fc00a2c39e90264f33305004495a9","hash":"790cbb599829d71c5b7a67563a2e84d9616c4dc8"}
,"C:\\WebDev\\Foodzy\\src\\NavBar.js": {"path":"C:\\WebDev\\Foodzy\\src\\NavBar.js","statementMap":{"0":{"start":{"line":9,"column":35},"end":{"line":9,"column":50}},"1":{"start":{"line":12,"column":8},"end":{"line":12,"column":31}},"2":{"start":{"line":15,"column":4},"end":{"line":41,"column":6}}},"fnMap":{"0":{"name":"NavBar","decl":{"start":{"line":7,"column":24},"end":{"line":7,"column":30}},"loc":{"start":{"line":8,"column":0},"end":{"line":42,"column":1}},"line":8},"1":{"name":"handleClick","decl":{"start":{"line":10,"column":13},"end":{"line":10,"column":24}},"loc":{"start":{"line":11,"column":4},"end":{"line":13,"column":5}},"line":11}},"branchMap":{"0":{"loc":{"start":{"line":36,"column":25},"end":{"line":36,"column":50}},"type":"cond-expr","locations":[{"start":{"line":36,"column":34},"end":{"line":36,"column":42}},{"start":{"line":36,"column":43},"end":{"line":36,"column":50}}],"line":36}},"s":{"0":3,"1":1,"2":3},"f":{"0":3,"1":1},"b":{"0":[1,2]},"_coverageSchema":"1a1c01bbd47fc00a2c39e90264f33305004495a9","hash":"9c3961adf1783524c4de4bd7e8c1d57b9a7560f1"}
}
