TN:
SF:src\ContactUs.js
FN:3,ContactUs
FN:7,handleSubmit
FN:13,permit
FN:15,(anonymous_3)
FN:16,(anonymous_4)
FNF:5
FNH:1
FNDA:7,ContactUs
FNDA:0,handleSubmit
FNDA:0,permit
FNDA:0,(anonymous_3)
FNDA:0,(anonymous_4)
DA:5,7
DA:9,0
DA:10,0
DA:11,0
DA:15,0
DA:16,0
DA:20,7
LF:7
LH:2
BRDA:36,0,0,7
BRDA:36,0,1,0
BRF:2
BRH:1
end_of_record
TN:
SF:src\NavBar.js
FN:7,NavBar
FN:10,handleClick
FNF:2
FNH:2
FNDA:3,NavBar
FNDA:1,handleClick
DA:9,3
DA:12,1
DA:15,3
LF:3
LH:3
BRDA:36,0,0,1
BRDA:36,0,1,2
BRF:2
BRH:2
end_of_record
